<?xml version="1.0" encoding="UTF-8"?>
<!-- Generated by org.testng.reporters.JUnitXMLReporter -->
<testsuite hostname="VSURE-LAP" ignored="3" name="Default test" tests="1" failures="0" timestamp="12 Aug 2018 07:26:35 GMT" time="21.465" errors="0">
  <testcase name="selctableTst" time="21.353" classname="com.selenium.actions.ActionsDemoTest"/>
  <testcase name="dragAndDropByTest" time="0.0" classname="com.selenium.actions.ActionsDemoTest">
    <ignored/>
  </testcase> <!-- dragAndDropByTest -->
  <testcase name="resizableTest" time="0.0" classname="com.selenium.actions.ActionsDemoTest">
    <ignored/>
  </testcase> <!-- resizableTest -->
  <testcase name="dragAndDropTest" time="0.0" classname="com.selenium.actions.ActionsDemoTest">
    <ignored/>
  </testcase> <!-- dragAndDropTest -->
</testsuite> <!-- Default test -->
