<?xml version="1.0" encoding="UTF-8"?>
<testng-results skipped="0" failed="0" ignored="3" total="4" passed="1">
  <reporter-output>
  </reporter-output>
  <suite name="Default suite" duration-ms="21465" started-at="2018-08-12T07:26:14Z" finished-at="2018-08-12T07:26:35Z">
    <groups>
    </groups>
    <test name="Default test" duration-ms="21465" started-at="2018-08-12T07:26:14Z" finished-at="2018-08-12T07:26:35Z">
      <class name="com.selenium.actions.ActionsDemoTest">
        <test-method status="PASS" signature="selctableTst()[pri:0, instance:com.selenium.actions.ActionsDemoTest@28d25987]" name="selctableTst" duration-ms="21353" started-at="2018-08-12T07:26:14Z" finished-at="2018-08-12T07:26:35Z">
          <reporter-output>
          </reporter-output>
        </test-method> <!-- selctableTst -->
      </class> <!-- com.selenium.actions.ActionsDemoTest -->
    </test> <!-- Default test -->
  </suite> <!-- Default suite -->
</testng-results>
